app/build/intermediates/manifest_merge_blame_file/debug/manifest-merger-blame-debug-report.txt
1<?xml version="1.0" encoding="utf-8"?>
2<manifest xmlns:android="http://schemas.android.com/apk/res/android"
3    package="user.app.fooddeliverywala"
4    android:versionCode="12"
5    android:versionName="5.0.3" >
6
7    <uses-sdk
8        android:minSdkVersion="28"
8-->src\main\AndroidManifest.xml
9        android:targetSdkVersion="33" />
9-->src\main\AndroidManifest.xml
10
11    <uses-permission android:name="android.permission.INTERNET" />
11-->src\main\AndroidManifest.xml:6:5-66
11-->src\main\AndroidManifest.xml:6:22-64
12    <uses-permission android:name="android.permission.ACCESS_NETWORK_STATE" />
12-->src\main\AndroidManifest.xml:7:5-79
12-->src\main\AndroidManifest.xml:7:22-76
13    <uses-permission android:name="android.permission.ACCESS_WIFI_STATE" />
13-->src\main\AndroidManifest.xml:8:5-76
13-->src\main\AndroidManifest.xml:8:22-73
14    <uses-permission android:name="android.permission.ACCESS_COARSE_LOCATION" />
14-->src\main\AndroidManifest.xml:9:5-81
14-->src\main\AndroidManifest.xml:9:22-78
15    <uses-permission android:name="android.permission.ACCESS_FINE_LOCATION" />
15-->src\main\AndroidManifest.xml:10:5-79
15-->src\main\AndroidManifest.xml:10:22-76
16    <uses-permission
16-->src\main\AndroidManifest.xml:11:5-12:38
17        android:name="android.permission.READ_EXTERNAL_STORAGE"
17-->src\main\AndroidManifest.xml:11:22-77
18        android:maxSdkVersion="32" />
18-->src\main\AndroidManifest.xml:12:9-35
19    <uses-permission android:name="android.permission.CAMERA" />
19-->src\main\AndroidManifest.xml:13:5-65
19-->src\main\AndroidManifest.xml:13:22-62
20    <uses-permission android:name="android.permission.POST_NOTIFICATIONS" />
20-->src\main\AndroidManifest.xml:14:5-76
20-->src\main\AndroidManifest.xml:14:22-74
21    <uses-permission android:name="android.permission.WRITE_EXTERNAL_STORAGE" />
21-->src\main\AndroidManifest.xml:15:5-17:40
21-->src\main\AndroidManifest.xml:16:9-65
22    <uses-permission
22-->src\main\AndroidManifest.xml:18:5-20:36
23        android:name="android.permission.CALL_PHONE"
23-->src\main\AndroidManifest.xml:19:9-53
24        android:required="false" />
24-->src\main\AndroidManifest.xml:20:9-33
25
26    <uses-feature
26-->src\main\AndroidManifest.xml:23:5-85
27        android:name="android.hardware.camera2"
27-->src\main\AndroidManifest.xml:23:19-58
28        android:required="false" />
28-->src\main\AndroidManifest.xml:23:59-83
29
30    <queries>
30-->src\main\AndroidManifest.xml:25:5-31:15
31        <intent>
31-->src\main\AndroidManifest.xml:26:9-30:18
32            <action
32-->src\main\AndroidManifest.xml:27:13-29:44
33                android:name="android.intent.action.TTS_SERVICE"
33-->src\main\AndroidManifest.xml:28:17-65
34                android:required="false" />
34-->src\main\AndroidManifest.xml:29:17-41
35        </intent>
36        <!-- Added to check if Chrome is installed for browser-based payment authentication (e.g. 3DS1). -->
37        <package android:name="com.android.chrome" /> <!-- Added to check the default browser that will host the AuthFlow. -->
37-->[com.stripe:payments-core:20.25.3] AndroidManifest.xml:11:9-54
37-->[com.stripe:payments-core:20.25.3] AndroidManifest.xml:11:18-51
38        <intent>
38-->[com.stripe:financial-connections:20.25.3] AndroidManifest.xml:13:9-17:18
39            <action android:name="android.intent.action.VIEW" />
39-->src\main\AndroidManifest.xml:113:28-80
39-->src\main\AndroidManifest.xml:113:36-77
40
41            <data android:scheme="http" />
41-->src\main\AndroidManifest.xml:118:17-120:46
41-->src\main\AndroidManifest.xml:120:21-43
42        </intent>
43        <intent>
43-->[com.razorpay:checkout:1.6.31] AndroidManifest.xml:11:9-17:18
44            <action android:name="android.intent.action.VIEW" />
44-->src\main\AndroidManifest.xml:113:28-80
44-->src\main\AndroidManifest.xml:113:36-77
45
46            <data
46-->src\main\AndroidManifest.xml:118:17-120:46
47                android:mimeType="*/*"
48                android:scheme="*" />
48-->src\main\AndroidManifest.xml:120:21-43
49        </intent>
50        <intent>
50-->[com.razorpay:checkout:1.6.31] AndroidManifest.xml:18:9-27:18
51            <action android:name="android.intent.action.VIEW" />
51-->src\main\AndroidManifest.xml:113:28-80
51-->src\main\AndroidManifest.xml:113:36-77
52
53            <category android:name="android.intent.category.BROWSABLE" />
53-->src\main\AndroidManifest.xml:116:17-78
53-->src\main\AndroidManifest.xml:116:27-75
54
55            <data
55-->src\main\AndroidManifest.xml:118:17-120:46
56                android:host="pay"
56-->src\main\AndroidManifest.xml:119:21-57
57                android:mimeType="*/*"
58                android:scheme="upi" />
58-->src\main\AndroidManifest.xml:120:21-43
59        </intent>
60        <intent>
60-->[com.razorpay:checkout:1.6.31] AndroidManifest.xml:28:9-30:18
61            <action android:name="android.intent.action.MAIN" />
61-->src\main\AndroidManifest.xml:110:17-69
61-->src\main\AndroidManifest.xml:110:25-66
62        </intent>
63        <intent>
63-->[com.razorpay:checkout:1.6.31] AndroidManifest.xml:31:9-35:18
64            <action android:name="android.intent.action.SEND" />
64-->src\main\AndroidManifest.xml:47:13-65
64-->src\main\AndroidManifest.xml:47:21-62
65
66            <data android:mimeType="*/*" />
66-->src\main\AndroidManifest.xml:118:17-120:46
67        </intent>
68        <intent>
68-->[com.razorpay:checkout:1.6.31] AndroidManifest.xml:36:9-38:18
69            <action android:name="rzp.device_token.share" />
69-->[com.razorpay:checkout:1.6.31] AndroidManifest.xml:37:13-61
69-->[com.razorpay:checkout:1.6.31] AndroidManifest.xml:37:21-58
70        </intent> <!-- Needs to be explicitly declared on Android R+ -->
71        <package android:name="com.google.android.apps.maps" />
71-->[com.google.android.gms:play-services-maps:18.1.0] AndroidManifest.xml:33:9-64
71-->[com.google.android.gms:play-services-maps:18.1.0] AndroidManifest.xml:33:18-61
72    </queries>
73
74    <uses-feature
74-->src\main\AndroidManifest.xml:32:5-34:36
75        android:name="android.hardware.camera"
75-->src\main\AndroidManifest.xml:33:9-47
76        android:required="false" />
76-->src\main\AndroidManifest.xml:34:9-33
77    <uses-feature
77-->src\main\AndroidManifest.xml:35:5-38:34
78        android:name="android.hardware.telephony"
78-->src\main\AndroidManifest.xml:36:9-50
79        package="user.user.app"
79-->src\main\AndroidManifest.xml:38:9-32
80        android:required="false" />
80-->src\main\AndroidManifest.xml:37:9-33
81
82    <uses-permission android:name="android.permission.WRITE_SETTINGS" />
82-->src\main\AndroidManifest.xml:40:5-42:47
82-->src\main\AndroidManifest.xml:41:9-57
83
84    <queries> <!-- List of apps which you want to support for Intent pay -->
84-->src\main\AndroidManifest.xml:25:5-31:15
85        <package android:name="com.google.android.apps.nbu.paisa.user" />
85-->src\main\AndroidManifest.xml:44:9-74
85-->src\main\AndroidManifest.xml:44:18-71
86        <package android:name="com.phonepe.app" /> <!-- Specific intents you query for,             eg: for a custom share UI -->
86-->src\main\AndroidManifest.xml:45:9-51
86-->src\main\AndroidManifest.xml:45:18-48
87        <intent>
87-->src\main\AndroidManifest.xml:46:9-48:18
88            <action android:name="android.intent.action.SEND" />
88-->src\main\AndroidManifest.xml:47:13-65
88-->src\main\AndroidManifest.xml:47:21-62
89        </intent>
90    </queries>
91
92    <uses-permission android:name="android.permission.VIBRATE" />
92-->[co.paystack.android.design.widget:pinpad:1.0.4] AndroidManifest.xml:11:5-66
92-->[co.paystack.android.design.widget:pinpad:1.0.4] AndroidManifest.xml:11:22-63
93
94    <uses-feature
94-->[com.google.android.gms:play-services-maps:18.1.0] AndroidManifest.xml:26:5-28:35
95        android:glEsVersion="0x00020000"
95-->[com.google.android.gms:play-services-maps:18.1.0] AndroidManifest.xml:27:9-41
96        android:required="true" /> <!-- Required by older versions of Google Play services to create GCM registration tokens -->
96-->[com.google.android.gms:play-services-maps:18.1.0] AndroidManifest.xml:28:9-32
97    <uses-permission android:name="com.google.android.c2dm.permission.RECEIVE" />
97-->[com.google.android.gms:play-services-gcm:17.0.0] AndroidManifest.xml:23:5-82
97-->[com.google.android.gms:play-services-gcm:17.0.0] AndroidManifest.xml:23:22-79
98    <uses-permission android:name="android.permission.WAKE_LOCK" />
98-->[com.google.firebase:firebase-messaging:23.2.1] AndroidManifest.xml:24:5-68
98-->[com.google.firebase:firebase-messaging:23.2.1] AndroidManifest.xml:24:22-65
99    <uses-permission android:name="com.google.android.gms.permission.AD_ID" />
99-->[com.google.android.gms:play-services-measurement-api:21.3.0] AndroidManifest.xml:25:5-79
99-->[com.google.android.gms:play-services-measurement-api:21.3.0] AndroidManifest.xml:25:22-76
100    <uses-permission android:name="com.google.android.finsky.permission.BIND_GET_INSTALL_REFERRER_SERVICE" />
100-->[com.google.android.gms:play-services-measurement:21.3.0] AndroidManifest.xml:26:5-110
100-->[com.google.android.gms:play-services-measurement:21.3.0] AndroidManifest.xml:26:22-107
101
102    <permission
102-->[androidx.core:core:1.9.0] AndroidManifest.xml:22:5-24:47
103        android:name="user.app.fooddeliverywala.DYNAMIC_RECEIVER_NOT_EXPORTED_PERMISSION"
103-->[androidx.core:core:1.9.0] AndroidManifest.xml:23:9-81
104        android:protectionLevel="signature" />
104-->[androidx.core:core:1.9.0] AndroidManifest.xml:24:9-44
105
106    <uses-permission android:name="user.app.fooddeliverywala.DYNAMIC_RECEIVER_NOT_EXPORTED_PERMISSION" /> <!-- Permission will be merged into the manifest of the hosting app. -->
106-->[androidx.core:core:1.9.0] AndroidManifest.xml:26:5-97
106-->[androidx.core:core:1.9.0] AndroidManifest.xml:26:22-94
107    <!-- Is required to launch foreground extraction service for targetSdkVersion 28+. -->
108    <uses-permission android:name="android.permission.FOREGROUND_SERVICE" />
108-->[com.google.android.play:core:1.10.3] AndroidManifest.xml:13:5-77
108-->[com.google.android.play:core:1.10.3] AndroidManifest.xml:13:22-74
109
110    <application
110-->src\main\AndroidManifest.xml:50:5-192:19
111        android:name="user.app.fooddeliverywala.helper.ApiConfig"
111-->src\main\AndroidManifest.xml:51:9-66
112        android:allowBackup="true"
112-->[com.github.Flutterwave:rave-android:1.0.49.1] AndroidManifest.xml:12:9-35
113        android:appComponentFactory="androidx.core.app.CoreComponentFactory"
113-->[androidx.core:core:1.9.0] AndroidManifest.xml:28:18-86
114        android:debuggable="true"
115        android:extractNativeLibs="false"
115-->src\main\AndroidManifest.xml:52:9-42
116        android:icon="@mipmap/ic_launcher"
116-->src\main\AndroidManifest.xml:53:9-43
117        android:label="@string/app_name"
117-->src\main\AndroidManifest.xml:54:9-41
118        android:requestLegacyExternalStorage="true"
118-->src\main\AndroidManifest.xml:55:9-52
119        android:supportsRtl="true"
119-->src\main\AndroidManifest.xml:56:9-35
120        android:testOnly="true"
121        android:theme="@style/AppTheme"
121-->src\main\AndroidManifest.xml:57:9-40
122        android:usesCleartextTraffic="true" >
122-->src\main\AndroidManifest.xml:58:9-44
123        <activity
123-->src\main\AndroidManifest.xml:61:9-64:56
124            android:name="user.app.fooddeliverywala.activity.WelcomeActivity"
124-->src\main\AndroidManifest.xml:62:13-78
125            android:screenOrientation="portrait" />
125-->src\main\AndroidManifest.xml:63:13-49
126        <activity
126-->src\main\AndroidManifest.xml:66:9-71:56
127            android:name="user.app.fooddeliverywala.activity.PaymentActivity"
127-->src\main\AndroidManifest.xml:68:13-78
128            android:screenOrientation="portrait"
128-->src\main\AndroidManifest.xml:69:13-49
129            android:windowSoftInputMode="adjustPan|stateVisible" />
129-->src\main\AndroidManifest.xml:70:13-65
130        <activity
130-->src\main\AndroidManifest.xml:73:9-77:56
131            android:name="user.app.fooddeliverywala.activity.PayStackActivity"
131-->src\main\AndroidManifest.xml:74:13-79
132            android:screenOrientation="portrait"
132-->src\main\AndroidManifest.xml:75:13-49
133            android:windowSoftInputMode="adjustPan|stateVisible" />
133-->src\main\AndroidManifest.xml:76:13-65
134
135        <provider
136            android:name="androidx.core.content.FileProvider"
136-->src\main\AndroidManifest.xml:80:13-62
137            android:authorities="user.app.fooddeliverywala.provider"
137-->src\main\AndroidManifest.xml:81:13-60
138            android:exported="false"
138-->src\main\AndroidManifest.xml:82:13-37
139            android:grantUriPermissions="true" >
139-->src\main\AndroidManifest.xml:83:13-47
140            <meta-data
140-->src\main\AndroidManifest.xml:84:13-86:58
141                android:name="android.support.FILE_PROVIDER_PATHS"
141-->src\main\AndroidManifest.xml:85:17-67
142                android:resource="@xml/provider_paths" />
142-->src\main\AndroidManifest.xml:86:17-55
143        </provider>
144
145        <activity
145-->src\main\AndroidManifest.xml:89:9-94:56
146            android:name="user.app.fooddeliverywala.activity.MainActivity"
146-->src\main\AndroidManifest.xml:91:13-75
147            android:screenOrientation="portrait"
147-->src\main\AndroidManifest.xml:92:13-49
148            android:windowSoftInputMode="adjustPan|stateVisible" />
148-->src\main\AndroidManifest.xml:93:13-65
149        <activity
149-->src\main\AndroidManifest.xml:96:9-101:56
150            android:name="user.app.fooddeliverywala.activity.LoginActivity"
150-->src\main\AndroidManifest.xml:98:13-76
151            android:screenOrientation="portrait"
151-->src\main\AndroidManifest.xml:99:13-49
152            android:windowSoftInputMode="adjustPan|stateVisible" />
152-->src\main\AndroidManifest.xml:100:13-65
153        <activity
153-->src\main\AndroidManifest.xml:103:9-122:20
154            android:name="user.app.fooddeliverywala.activity.SplashActivity"
154-->src\main\AndroidManifest.xml:104:13-77
155            android:exported="true"
155-->src\main\AndroidManifest.xml:105:13-36
156            android:screenOrientation="portrait"
156-->src\main\AndroidManifest.xml:106:13-49
157            android:windowSoftInputMode="adjustPan|stateVisible" >
157-->src\main\AndroidManifest.xml:107:13-65
158            <intent-filter>
158-->src\main\AndroidManifest.xml:109:13-112:29
159                <action android:name="android.intent.action.MAIN" />
159-->src\main\AndroidManifest.xml:110:17-69
159-->src\main\AndroidManifest.xml:110:25-66
160
161                <category android:name="android.intent.category.LAUNCHER" />
161-->src\main\AndroidManifest.xml:111:17-77
161-->src\main\AndroidManifest.xml:111:27-74
162            </intent-filter>
163            <intent-filter>
163-->src\main\AndroidManifest.xml:113:13-121:29
164                <action android:name="android.intent.action.VIEW" />
164-->src\main\AndroidManifest.xml:113:28-80
164-->src\main\AndroidManifest.xml:113:36-77
165
166                <category android:name="android.intent.category.DEFAULT" />
166-->src\main\AndroidManifest.xml:115:17-76
166-->src\main\AndroidManifest.xml:115:27-73
167                <category android:name="android.intent.category.BROWSABLE" />
167-->src\main\AndroidManifest.xml:116:17-78
167-->src\main\AndroidManifest.xml:116:27-75
168
169                <data
169-->src\main\AndroidManifest.xml:118:17-120:46
170                    android:host="ecartweb.thewrteam.in"
170-->src\main\AndroidManifest.xml:119:21-57
171                    android:scheme="https" />
171-->src\main\AndroidManifest.xml:120:21-43
172            </intent-filter>
173        </activity>
174        <activity
174-->src\main\AndroidManifest.xml:124:9-126:58
175            android:name="com.coursion.freakycoder.mediapicker.galleries.Gallery"
175-->src\main\AndroidManifest.xml:125:13-82
176            android:theme="@style/AppTheme.NoActionBar" />
176-->src\main\AndroidManifest.xml:126:13-56
177        <activity
177-->src\main\AndroidManifest.xml:127:9-129:58
178            android:name="com.coursion.freakycoder.mediapicker.galleries.OpenGallery"
178-->src\main\AndroidManifest.xml:128:13-86
179            android:theme="@style/AppTheme.NoActionBar" />
179-->src\main\AndroidManifest.xml:129:13-56
180        <activity
180-->src\main\AndroidManifest.xml:131:9-135:56
181            android:name="user.app.fooddeliverywala.activity.PayPalWebActivity"
181-->src\main\AndroidManifest.xml:132:13-80
182            android:screenOrientation="portrait"
182-->src\main\AndroidManifest.xml:133:13-49
183            android:windowSoftInputMode="adjustPan|stateVisible" />
183-->src\main\AndroidManifest.xml:134:13-65
184        <activity
184-->src\main\AndroidManifest.xml:137:9-142:56
185            android:name="user.app.fooddeliverywala.activity.MidtransActivity"
185-->src\main\AndroidManifest.xml:139:13-79
186            android:screenOrientation="portrait"
186-->src\main\AndroidManifest.xml:140:13-49
187            android:windowSoftInputMode="adjustPan|stateVisible" />
187-->src\main\AndroidManifest.xml:141:13-65
188        <activity
188-->src\main\AndroidManifest.xml:144:9-149:56
189            android:name="user.app.fooddeliverywala.activity.StripeActivity"
189-->src\main\AndroidManifest.xml:146:13-77
190            android:screenOrientation="portrait"
190-->src\main\AndroidManifest.xml:147:13-49
191            android:windowSoftInputMode="adjustPan|stateVisible" />
191-->src\main\AndroidManifest.xml:148:13-65
192
193        <provider
194            android:name="androidx.core.content.FileProvider"
194-->src\main\AndroidManifest.xml:80:13-62
195            android:authorities="user.app.fooddeliverywala.provider"
195-->src\main\AndroidManifest.xml:81:13-60
196            android:exported="false"
196-->src\main\AndroidManifest.xml:82:13-37
197            android:grantUriPermissions="true" >
197-->src\main\AndroidManifest.xml:83:13-47
198            <meta-data
198-->src\main\AndroidManifest.xml:84:13-86:58
199                android:name="android.support.FILE_PROVIDER_PATHS"
199-->src\main\AndroidManifest.xml:85:17-67
200                android:resource="@xml/provider_paths" />
200-->src\main\AndroidManifest.xml:86:17-55
201        </provider>
202
203        <service
203-->src\main\AndroidManifest.xml:162:9-168:19
204            android:name="user.app.fooddeliverywala.helper.MyFirebaseMessagingService"
204-->src\main\AndroidManifest.xml:163:13-62
205            android:exported="false" >
205-->src\main\AndroidManifest.xml:164:13-37
206            <intent-filter>
206-->src\main\AndroidManifest.xml:165:13-167:29
207                <action android:name="com.google.firebase.MESSAGING_EVENT" />
207-->src\main\AndroidManifest.xml:166:17-78
207-->src\main\AndroidManifest.xml:166:25-75
208            </intent-filter>
209        </service>
210
211        <!--
212     Set custom default icon. This is used when no icon is set for incoming notification messages.
213     See README(https://goo.gl/l4GJaQ) for more.
214        -->
215        <meta-data
215-->src\main\AndroidManifest.xml:172:9-174:68
216            android:name="com.google.firebase.messaging.default_notification_icon"
216-->src\main\AndroidManifest.xml:173:13-83
217            android:resource="@drawable/ic_stat_ic_notification" />
217-->src\main\AndroidManifest.xml:174:13-65
218        <!--
219             Set color used with incoming notification messages. This is used when no color is set for the incoming
220             notification message. See README(https://goo.gl/6BKBk7) for more.
221        -->
222        <meta-data
222-->src\main\AndroidManifest.xml:177:9-179:53
223            android:name="com.google.firebase.messaging.default_notification_color"
223-->src\main\AndroidManifest.xml:178:13-84
224            android:resource="@color/colorAccent" />
224-->src\main\AndroidManifest.xml:179:13-50
225        <meta-data
225-->src\main\AndroidManifest.xml:180:9-182:48
226            android:name="com.google.firebase.messaging.default_notification_channel_id"
226-->src\main\AndroidManifest.xml:181:13-89
227            android:value="@string/app_name" />
227-->src\main\AndroidManifest.xml:182:13-45
228        <meta-data
228-->src\main\AndroidManifest.xml:183:9-185:50
229            android:name="android.user.searchable"
229-->src\main\AndroidManifest.xml:184:13-51
230            android:resource="@xml/searchable" />
230-->src\main\AndroidManifest.xml:185:13-47
231        <meta-data
231-->src\main\AndroidManifest.xml:186:9-188:54
232            android:name="com.google.android.geo.API_KEY"
232-->src\main\AndroidManifest.xml:187:13-58
233            android:value="@string/google_api_key" />
233-->src\main\AndroidManifest.xml:188:13-51
234        <meta-data
234-->src\main\AndroidManifest.xml:189:9-191:69
235            android:name="com.google.android.gms.version"
235-->src\main\AndroidManifest.xml:190:13-58
236            android:value="@integer/google_play_services_version" />
236-->src\main\AndroidManifest.xml:191:13-66
237
238        <activity
238-->[co.paystack.android:paystack:3.3.2] AndroidManifest.xml:8:9-10:63
239            android:name="co.paystack.android.ui.PinActivity"
239-->[co.paystack.android:paystack:3.3.2] AndroidManifest.xml:9:13-62
240            android:theme="@style/Paystack.Dialog.PinEntry" />
240-->[co.paystack.android:paystack:3.3.2] AndroidManifest.xml:10:13-60
241        <activity
241-->[co.paystack.android:paystack:3.3.2] AndroidManifest.xml:11:9-13:63
242            android:name="co.paystack.android.ui.OtpActivity"
242-->[co.paystack.android:paystack:3.3.2] AndroidManifest.xml:12:13-62
243            android:theme="@style/Paystack.Dialog.OtpEntry" />
243-->[co.paystack.android:paystack:3.3.2] AndroidManifest.xml:13:13-60
244        <activity
244-->[co.paystack.android:paystack:3.3.2] AndroidManifest.xml:14:9-16:63
245            android:name="co.paystack.android.ui.AuthActivity"
245-->[co.paystack.android:paystack:3.3.2] AndroidManifest.xml:15:13-63
246            android:theme="@style/Paystack.Dialog.OtpEntry" />
246-->[co.paystack.android:paystack:3.3.2] AndroidManifest.xml:16:13-60
247        <activity
247-->[co.paystack.android:paystack:3.3.2] AndroidManifest.xml:17:9-19:64
248            android:name="co.paystack.android.ui.CardActivity"
248-->[co.paystack.android:paystack:3.3.2] AndroidManifest.xml:18:13-63
249            android:theme="@style/Paystack.Dialog.CardEntry" />
249-->[co.paystack.android:paystack:3.3.2] AndroidManifest.xml:19:13-61
250        <activity
250-->[co.paystack.android:paystack:3.3.2] AndroidManifest.xml:20:9-22:54
251            android:name="co.paystack.android.ui.AddressVerificationActivity"
251-->[co.paystack.android:paystack:3.3.2] AndroidManifest.xml:21:13-78
252            android:theme="@style/Paystack.Dialog" />
252-->[co.paystack.android:paystack:3.3.2] AndroidManifest.xml:22:13-51
253        <activity
253-->[com.stripe:paymentsheet:20.25.3] AndroidManifest.xml:8:9-12:58
254            android:name="com.stripe.android.paymentsheet.PaymentSheetActivity"
254-->[com.stripe:paymentsheet:20.25.3] AndroidManifest.xml:9:13-80
255            android:exported="false"
255-->[com.stripe:paymentsheet:20.25.3] AndroidManifest.xml:10:13-37
256            android:theme="@style/StripePaymentSheetDefaultTheme"
256-->[com.stripe:paymentsheet:20.25.3] AndroidManifest.xml:11:13-66
257            android:windowSoftInputMode="adjustResize" />
257-->[com.stripe:paymentsheet:20.25.3] AndroidManifest.xml:12:13-55
258        <activity
258-->[com.stripe:paymentsheet:20.25.3] AndroidManifest.xml:13:9-17:58
259            android:name="com.stripe.android.paymentsheet.PaymentOptionsActivity"
259-->[com.stripe:paymentsheet:20.25.3] AndroidManifest.xml:14:13-82
260            android:exported="false"
260-->[com.stripe:paymentsheet:20.25.3] AndroidManifest.xml:15:13-37
261            android:theme="@style/StripePaymentSheetDefaultTheme"
261-->[com.stripe:paymentsheet:20.25.3] AndroidManifest.xml:16:13-66
262            android:windowSoftInputMode="adjustResize" />
262-->[com.stripe:paymentsheet:20.25.3] AndroidManifest.xml:17:13-55
263        <activity
263-->[com.stripe:paymentsheet:20.25.3] AndroidManifest.xml:18:9-21:69
264            android:name="com.stripe.android.paymentsheet.addresselement.AddressElementActivity"
264-->[com.stripe:paymentsheet:20.25.3] AndroidManifest.xml:19:13-97
265            android:exported="false"
265-->[com.stripe:paymentsheet:20.25.3] AndroidManifest.xml:20:13-37
266            android:theme="@style/StripePaymentSheetDefaultTheme" />
266-->[com.stripe:paymentsheet:20.25.3] AndroidManifest.xml:21:13-66
267        <activity
267-->[com.stripe:paymentsheet:20.25.3] AndroidManifest.xml:22:9-25:69
268            android:name="com.stripe.android.paymentsheet.paymentdatacollection.polling.PollingActivity"
268-->[com.stripe:paymentsheet:20.25.3] AndroidManifest.xml:23:13-105
269            android:exported="false"
269-->[com.stripe:paymentsheet:20.25.3] AndroidManifest.xml:24:13-37
270            android:theme="@style/StripePaymentSheetDefaultTheme" />
270-->[com.stripe:paymentsheet:20.25.3] AndroidManifest.xml:25:13-66
271        <activity
271-->[com.stripe:link:20.25.3] AndroidManifest.xml:8:9-13:58
272            android:name="com.stripe.android.link.LinkActivity"
272-->[com.stripe:link:20.25.3] AndroidManifest.xml:9:13-64
273            android:exported="false"
273-->[com.stripe:link:20.25.3] AndroidManifest.xml:10:13-37
274            android:label="@string/stripe_link"
274-->[com.stripe:link:20.25.3] AndroidManifest.xml:11:13-48
275            android:theme="@style/StripeLinkBaseTheme"
275-->[com.stripe:link:20.25.3] AndroidManifest.xml:12:13-55
276            android:windowSoftInputMode="adjustResize" />
276-->[com.stripe:link:20.25.3] AndroidManifest.xml:13:13-55
277        <activity
277-->[com.stripe:payments-ui-core:20.25.3] AndroidManifest.xml:8:9-11:69
278            android:name="com.stripe.android.ui.core.cardscan.CardScanActivity"
278-->[com.stripe:payments-ui-core:20.25.3] AndroidManifest.xml:9:13-80
279            android:exported="false"
279-->[com.stripe:payments-ui-core:20.25.3] AndroidManifest.xml:10:13-37
280            android:theme="@style/StripePaymentSheetDefaultTheme" />
280-->[com.stripe:payments-ui-core:20.25.3] AndroidManifest.xml:11:13-66
281        <activity
281-->[com.stripe:payments-core:20.25.3] AndroidManifest.xml:15:9-18:57
282            android:name="com.stripe.android.view.AddPaymentMethodActivity"
282-->[com.stripe:payments-core:20.25.3] AndroidManifest.xml:16:13-76
283            android:exported="false"
283-->[com.stripe:payments-core:20.25.3] AndroidManifest.xml:17:13-37
284            android:theme="@style/StripeDefaultTheme" />
284-->[com.stripe:payments-core:20.25.3] AndroidManifest.xml:18:13-54
285        <activity
285-->[com.stripe:payments-core:20.25.3] AndroidManifest.xml:19:9-22:57
286            android:name="com.stripe.android.view.PaymentMethodsActivity"
286-->[com.stripe:payments-core:20.25.3] AndroidManifest.xml:20:13-74
287            android:exported="false"
287-->[com.stripe:payments-core:20.25.3] AndroidManifest.xml:21:13-37
288            android:theme="@style/StripeDefaultTheme" />
288-->[com.stripe:payments-core:20.25.3] AndroidManifest.xml:22:13-54
289        <activity
289-->[com.stripe:payments-core:20.25.3] AndroidManifest.xml:23:9-26:57
290            android:name="com.stripe.android.view.PaymentFlowActivity"
290-->[com.stripe:payments-core:20.25.3] AndroidManifest.xml:24:13-71
291            android:exported="false"
291-->[com.stripe:payments-core:20.25.3] AndroidManifest.xml:25:13-37
292            android:theme="@style/StripeDefaultTheme" />
292-->[com.stripe:payments-core:20.25.3] AndroidManifest.xml:26:13-54
293        <activity
293-->[com.stripe:payments-core:20.25.3] AndroidManifest.xml:27:9-31:58
294            android:name="com.stripe.android.view.PaymentAuthWebViewActivity"
294-->[com.stripe:payments-core:20.25.3] AndroidManifest.xml:28:13-78
295            android:exported="false"
295-->[com.stripe:payments-core:20.25.3] AndroidManifest.xml:29:13-37
296            android:theme="@style/StripeDefaultTheme"
296-->[com.stripe:payments-core:20.25.3] AndroidManifest.xml:30:13-54
297            android:windowSoftInputMode="adjustResize" />
297-->[com.stripe:payments-core:20.25.3] AndroidManifest.xml:31:13-55
298        <activity
298-->[com.stripe:payments-core:20.25.3] AndroidManifest.xml:32:9-35:61
299            android:name="com.stripe.android.view.PaymentRelayActivity"
299-->[com.stripe:payments-core:20.25.3] AndroidManifest.xml:33:13-72
300            android:exported="false"
300-->[com.stripe:payments-core:20.25.3] AndroidManifest.xml:34:13-37
301            android:theme="@style/StripeTransparentTheme" />
301-->[com.stripe:payments-core:20.25.3] AndroidManifest.xml:35:13-58
302        <!--
303        Set android:launchMode="singleTop" so that the StripeBrowserLauncherActivity instance that
304        launched the browser Activity will also handle the return URL deep link.
305        -->
306        <activity
306-->[com.stripe:payments-core:20.25.3] AndroidManifest.xml:41:9-45:61
307            android:name="com.stripe.android.payments.StripeBrowserLauncherActivity"
307-->[com.stripe:payments-core:20.25.3] AndroidManifest.xml:42:13-85
308            android:exported="false"
308-->[com.stripe:payments-core:20.25.3] AndroidManifest.xml:43:13-37
309            android:launchMode="singleTask"
309-->[com.stripe:payments-core:20.25.3] AndroidManifest.xml:44:13-44
310            android:theme="@style/StripeTransparentTheme" />
310-->[com.stripe:payments-core:20.25.3] AndroidManifest.xml:45:13-58
311        <activity
311-->[com.stripe:payments-core:20.25.3] AndroidManifest.xml:46:9-63:20